2022-04-15 12:10:45.826  INFO 13632 --- [main] spiritray.consumer.ConsumerApplication   : Starting ConsumerApplication using Java 1.8.0_221 on 胡远灵 with PID 13632 (D:\ideaProject\spiritray\consumer\target\classes started by 胡远灵 in D:\ideaProject\spiritray)
2022-04-15 12:10:45.826  INFO 13632 --- [main] spiritray.consumer.ConsumerApplication   : No active profile set, falling back to default profiles: default
2022-04-15 12:10:46.388 DEBUG 13632 --- [main] o.m.s.mapper.ClassPathMapperScanner      : Identified candidate component class: file [D:\ideaProject\spiritray\consumer\target\classes\spiritray\consumer\mapper\ConsumerMapper.class]
2022-04-15 12:10:46.388 DEBUG 13632 --- [main] o.m.s.mapper.ClassPathMapperScanner      : Creating MapperFactoryBean with name 'consumerMapper' and 'spiritray.consumer.mapper.ConsumerMapper' mapperInterface
2022-04-15 12:10:46.388 DEBUG 13632 --- [main] o.m.s.mapper.ClassPathMapperScanner      : Enabling autowire by type for MapperFactoryBean with name 'consumerMapper'.
2022-04-15 12:10:46.654  INFO 13632 --- [main] o.s.b.w.embedded.tomcat.TomcatWebServer  : Tomcat initialized with port(s): 8080 (http)
2022-04-15 12:10:46.670  INFO 13632 --- [main] o.a.catalina.core.AprLifecycleListener   : An older version [1.2.14] of the Apache Tomcat Native library is installed, while Tomcat recommends a minimum version of [1.2.30]
2022-04-15 12:10:46.670  INFO 13632 --- [main] o.a.catalina.core.AprLifecycleListener   : Loaded Apache Tomcat Native library [1.2.14] using APR version [1.6.2].
2022-04-15 12:10:46.670  INFO 13632 --- [main] o.a.catalina.core.AprLifecycleListener   : APR capabilities: IPv6 [true], sendfile [true], accept filters [false], random [true], UDS [false].
2022-04-15 12:10:46.670  INFO 13632 --- [main] o.a.catalina.core.AprLifecycleListener   : APR/OpenSSL configuration: useAprConnector [false], useOpenSSL [true]
2022-04-15 12:10:47.701  INFO 13632 --- [main] o.a.catalina.core.AprLifecycleListener   : OpenSSL successfully initialized [OpenSSL 1.0.2l  25 May 2017]
2022-04-15 12:10:47.716  INFO 13632 --- [main] o.apache.catalina.core.StandardService   : Starting service [Tomcat]
2022-04-15 12:10:47.716  INFO 13632 --- [main] org.apache.catalina.core.StandardEngine  : Starting Servlet engine: [Apache Tomcat/9.0.56]
2022-04-15 12:10:47.888  INFO 13632 --- [main] org.apache.jasper.servlet.TldScanner     : At least one JAR was scanned for TLDs yet contained no TLDs. Enable debug logging for this logger for a complete list of JARs that were scanned but no TLDs were found in them. Skipping unneeded JARs during scanning can improve startup time and JSP compilation time.
2022-04-15 12:10:47.888  INFO 13632 --- [main] o.a.c.c.C.[Tomcat].[localhost].[/]       : Initializing Spring embedded WebApplicationContext
2022-04-15 12:10:47.888  INFO 13632 --- [main] w.s.c.ServletWebServerApplicationContext : Root WebApplicationContext: initialization completed in 2015 ms
2022-04-15 12:10:47.935  INFO 13632 --- [main] c.a.d.s.b.a.DruidDataSourceAutoConfigure : Init DruidDataSource
2022-04-15 12:10:48.013  INFO 13632 --- [main] com.alibaba.druid.pool.DruidDataSource   : {dataSource-1} inited
2022-04-15 12:10:48.075 DEBUG 13632 --- [main] o.mybatis.spring.SqlSessionFactoryBean   : Property 'mapperLocations' was not specified.
2022-04-15 12:10:48.404  INFO 13632 --- [main] o.s.b.w.embedded.tomcat.TomcatWebServer  : Tomcat started on port(s): 8080 (http) with context path ''
2022-04-15 12:10:48.419  INFO 13632 --- [main] spiritray.consumer.ConsumerApplication   : Started ConsumerApplication in 2.906 seconds (JVM running for 3.539)
2022-04-15 12:11:15.631  INFO 13632 --- [http-nio-8080-exec-1] o.a.c.c.C.[Tomcat].[localhost].[/]       : Initializing Spring DispatcherServlet 'dispatcherServlet'
2022-04-15 12:11:15.631  INFO 13632 --- [http-nio-8080-exec-1] o.s.web.servlet.DispatcherServlet        : Initializing Servlet 'dispatcherServlet'
2022-04-15 12:11:15.631  INFO 13632 --- [http-nio-8080-exec-1] o.s.web.servlet.DispatcherServlet        : Completed initialization in 0 ms
2022-04-15 12:11:26.978 DEBUG 13632 --- [http-nio-8080-exec-6] org.mybatis.spring.SqlSessionUtils       : Creating a new SqlSession
2022-04-15 12:11:26.981 DEBUG 13632 --- [http-nio-8080-exec-6] org.mybatis.spring.SqlSessionUtils       : SqlSession [org.apache.ibatis.session.defaults.DefaultSqlSession@45252120] was not registered for synchronization because synchronization is not active
2022-04-15 12:11:27.099 DEBUG 13632 --- [http-nio-8080-exec-6] o.m.s.t.SpringManagedTransaction         : JDBC Connection [com.alibaba.druid.proxy.jdbc.ConnectionProxyImpl@137e3159] will not be managed by Spring
2022-04-15 12:11:27.117 DEBUG 13632 --- [http-nio-8080-exec-6] org.mybatis.spring.SqlSessionUtils       : Closing non transactional SqlSession [org.apache.ibatis.session.defaults.DefaultSqlSession@45252120]
2022-04-15 12:13:32.265 ERROR 10756 --- [main] o.s.b.d.LoggingFailureAnalysisReporter   : 

***************************
APPLICATION FAILED TO START
***************************

Description:

Failed to bind properties under 'logging.level.org.mybatis' to org.springframework.boot.logging.LogLevel:

    Property: logging.level.org.mybatis
    Value: all
    Origin: class path resource [application.yml] - 17:16
    Reason: failed to convert java.lang.String to org.springframework.boot.logging.LogLevel (caused by java.lang.IllegalArgumentException: No enum constant org.springframework.boot.logging.LogLevel.all)

Action:

Update your application's configuration. The following values are valid:

    DEBUG
    ERROR
    FATAL
    INFO
    OFF
    TRACE
    WARN

2022-04-15 12:13:53.573  INFO 10960 --- [main] spiritray.consumer.ConsumerApplication   : Starting ConsumerApplication using Java 1.8.0_221 on 胡远灵 with PID 10960 (D:\ideaProject\spiritray\consumer\target\classes started by 胡远灵 in D:\ideaProject\spiritray)
2022-04-15 12:13:53.573  INFO 10960 --- [main] spiritray.consumer.ConsumerApplication   : No active profile set, falling back to default profiles: default
2022-04-15 12:13:54.354  INFO 10960 --- [main] o.s.b.w.embedded.tomcat.TomcatWebServer  : Tomcat initialized with port(s): 8080 (http)
2022-04-15 12:13:54.354  INFO 10960 --- [main] o.a.catalina.core.AprLifecycleListener   : An older version [1.2.14] of the Apache Tomcat Native library is installed, while Tomcat recommends a minimum version of [1.2.30]
2022-04-15 12:13:54.354  INFO 10960 --- [main] o.a.catalina.core.AprLifecycleListener   : Loaded Apache Tomcat Native library [1.2.14] using APR version [1.6.2].
2022-04-15 12:13:54.354  INFO 10960 --- [main] o.a.catalina.core.AprLifecycleListener   : APR capabilities: IPv6 [true], sendfile [true], accept filters [false], random [true], UDS [false].
2022-04-15 12:13:54.354  INFO 10960 --- [main] o.a.catalina.core.AprLifecycleListener   : APR/OpenSSL configuration: useAprConnector [false], useOpenSSL [true]
2022-04-15 12:13:55.374  INFO 10960 --- [main] o.a.catalina.core.AprLifecycleListener   : OpenSSL successfully initialized [OpenSSL 1.0.2l  25 May 2017]
2022-04-15 12:13:55.374  INFO 10960 --- [main] o.apache.catalina.core.StandardService   : Starting service [Tomcat]
2022-04-15 12:13:55.374  INFO 10960 --- [main] org.apache.catalina.core.StandardEngine  : Starting Servlet engine: [Apache Tomcat/9.0.56]
2022-04-15 12:13:55.561  INFO 10960 --- [main] org.apache.jasper.servlet.TldScanner     : At least one JAR was scanned for TLDs yet contained no TLDs. Enable debug logging for this logger for a complete list of JARs that were scanned but no TLDs were found in them. Skipping unneeded JARs during scanning can improve startup time and JSP compilation time.
2022-04-15 12:13:55.561  INFO 10960 --- [main] o.a.c.c.C.[Tomcat].[localhost].[/]       : Initializing Spring embedded WebApplicationContext
2022-04-15 12:13:55.561  INFO 10960 --- [main] w.s.c.ServletWebServerApplicationContext : Root WebApplicationContext: initialization completed in 1941 ms
2022-04-15 12:13:55.608  INFO 10960 --- [main] c.a.d.s.b.a.DruidDataSourceAutoConfigure : Init DruidDataSource
2022-04-15 12:13:55.686  INFO 10960 --- [main] com.alibaba.druid.pool.DruidDataSource   : {dataSource-1} inited
2022-04-15 12:13:56.108  INFO 10960 --- [main] o.s.b.w.embedded.tomcat.TomcatWebServer  : Tomcat started on port(s): 8080 (http) with context path ''
2022-04-15 12:13:56.108  INFO 10960 --- [main] spiritray.consumer.ConsumerApplication   : Started ConsumerApplication in 2.859 seconds (JVM running for 3.48)
2022-04-15 12:14:01.932  INFO 10960 --- [http-nio-8080-exec-1] o.a.c.c.C.[Tomcat].[localhost].[/]       : Initializing Spring DispatcherServlet 'dispatcherServlet'
2022-04-15 12:14:01.932  INFO 10960 --- [http-nio-8080-exec-1] o.s.web.servlet.DispatcherServlet        : Initializing Servlet 'dispatcherServlet'
2022-04-15 12:14:01.932  INFO 10960 --- [http-nio-8080-exec-1] o.s.web.servlet.DispatcherServlet        : Completed initialization in 0 ms
2022-04-15 12:14:46.574 ERROR 13848 --- [main] o.s.b.d.LoggingFailureAnalysisReporter   : 

***************************
APPLICATION FAILED TO START
***************************

Description:

Failed to bind properties under 'logging.level.org.mybatis' to org.springframework.boot.logging.LogLevel:

    Property: logging.level.org.mybatis
    Value: all
    Origin: class path resource [application.yml] - 17:16
    Reason: failed to convert java.lang.String to org.springframework.boot.logging.LogLevel (caused by java.lang.IllegalArgumentException: No enum constant org.springframework.boot.logging.LogLevel.all)

Action:

Update your application's configuration. The following values are valid:

    DEBUG
    ERROR
    FATAL
    INFO
    OFF
    TRACE
    WARN

